# JRE version: Java(TM) SE Runtime Environment (9.0+11) (build 9.0.4+11)
# Java VM: Java HotSpot(TM) 64-Bit Server VM (9.0.4+11, mixed mode, tiered, compressed oops, g1 gc, windows-amd64)
Heap:
 garbage-first heap   total 189440K, used 90562K [0x0000000081c00000, 0x0000000081d005c8, 0x0000000100000000)
  region size 1024K, 63 young (64512K), 10 survivors (10240K)
 Metaspace       used 64334K, capacity 68896K, committed 69168K, reserved 1110016K
  class space    used 8729K, capacity 9495K, committed 9520K, reserved 1048576K
GC Heap History (10 events):
Event: 4.840 GC heap before
{Heap before GC invocations=11 (full 0):
 garbage-first heap   total 189440K, used 127015K [0x0000000081c00000, 0x0000000081d005c8, 0x0000000100000000)
  region size 1024K, 111 young (113664K), 10 survivors (10240K)
 Metaspace       used 46629K, capacity 49476K, committed 49712K, reserved 1091584K
  class space    used 6344K, capacity 6854K, committed 6960K, reserved 1048576K
}
Event: 4.848 GC heap after
{Heap after GC invocations=12 (full 0):
 garbage-first heap   total 189440K, used 26773K [0x0000000081c00000, 0x0000000081d005c8, 0x0000000100000000)
  region size 1024K, 10 young (10240K), 10 survivors (10240K)
 Metaspace       used 46629K, capacity 49476K, committed 49712K, reserved 1091584K
  class space    used 6344K, capacity 6854K, committed 6960K, reserved 1048576K
}
Event: 8.454 GC heap before
{Heap before GC invocations=12 (full 0):
 garbage-first heap   total 189440K, used 130197K [0x0000000081c00000, 0x0000000081d005c8, 0x0000000100000000)
  region size 1024K, 111 young (113664K), 10 survivors (10240K)
 Metaspace       used 50651K, capacity 53638K, committed 53808K, reserved 1095680K
  class space    used 6930K, capacity 7469K, committed 7472K, reserved 1048576K
}
Event: 8.462 GC heap after
{Heap after GC invocations=13 (full 0):
 garbage-first heap   total 189440K, used 27633K [0x0000000081c00000, 0x0000000081d005c8, 0x0000000100000000)
  region size 1024K, 9 young (9216K), 9 survivors (9216K)
 Metaspace       used 50651K, capacity 53638K, committed 53808K, reserved 1095680K
  class space    used 6930K, capacity 7469K, committed 7472K, reserved 1048576K
}
Event: 9.104 GC heap before
{Heap before GC invocations=13 (full 0):
 garbage-first heap   total 189440K, used 132081K [0x0000000081c00000, 0x0000000081d005c8, 0x0000000100000000)
  region size 1024K, 111 young (113664K), 9 survivors (9216K)
 Metaspace       used 53637K, capacity 57206K, committed 57520K, reserved 1099776K
  class space    used 7384K, capacity 7999K, committed 8112K, reserved 1048576K
}
Event: 9.113 GC heap after
{Heap after GC invocations=14 (full 0):
 garbage-first heap   total 189440K, used 30148K [0x0000000081c00000, 0x0000000081d005c8, 0x0000000100000000)
  region size 1024K, 9 young (9216K), 9 survivors (9216K)
 Metaspace       used 53637K, capacity 57206K, committed 57520K, reserved 1099776K
  class space    used 7384K, capacity 7999K, committed 8112K, reserved 1048576K
}
Event: 9.647 GC heap before
{Heap before GC invocations=14 (full 0):
 garbage-first heap   total 189440K, used 130500K [0x0000000081c00000, 0x0000000081d005c8, 0x0000000100000000)
  region size 1024K, 108 young (110592K), 9 survivors (9216K)
 Metaspace       used 56182K, capacity 60186K, committed 60296K, reserved 1101824K
  class space    used 7699K, capacity 8388K, committed 8496K, reserved 1048576K
}
Event: 9.656 GC heap after
{Heap after GC invocations=15 (full 0):
 garbage-first heap   total 189440K, used 33081K [0x0000000081c00000, 0x0000000081d005c8, 0x0000000100000000)
  region size 1024K, 9 young (9216K), 9 survivors (9216K)
 Metaspace       used 56182K, capacity 60186K, committed 60296K, reserved 1101824K
  class space    used 7699K, capacity 8388K, committed 8496K, reserved 1048576K
}
Event: 15.684 GC heap before
{Heap before GC invocations=16 (full 0):
 garbage-first heap   total 189440K, used 137529K [0x0000000081c00000, 0x0000000081d005c8, 0x0000000100000000)
  region size 1024K, 111 young (113664K), 9 survivors (9216K)
 Metaspace       used 61681K, capacity 66024K, committed 66224K, reserved 1105920K
  class space    used 8416K, capacity 9119K, committed 9136K, reserved 1048576K
}
Event: 15.694 GC heap after
{Heap after GC invocations=17 (full 0):
 garbage-first heap   total 189440K, used 37314K [0x0000000081c00000, 0x0000000081d005c8, 0x0000000100000000)
  region size 1024K, 10 young (10240K), 10 survivors (10240K)
 Metaspace       used 61681K, capacity 66024K, committed 66224K, reserved 1105920K
  class space    used 8416K, capacity 9119K, committed 9136K, reserved 1048576K
}

